2019-12-20 22:59:31.715 INFO  kid1999.upload.UploadApplication Line:50  - Starting UploadApplication on BBWU-20180919TT with PID 10948 (E:\fileUpload\target\classes started by Administrator in E:\fileUpload)
2019-12-20 22:59:31.741 INFO  kid1999.upload.UploadApplication Line:650 - The following profiles are active: dev
2019-12-20 22:59:31.777 INFO  org.springframework.boot.devtools.env.DevToolsPropertyDefaultsPostProcessor Line:225 - Devtools property defaults active! Set 'spring.devtools.add-properties' to 'false' to disable
2019-12-20 22:59:31.777 INFO  org.springframework.boot.devtools.env.DevToolsPropertyDefaultsPostProcessor Line:225 - For additional web related logging consider setting the 'logging.level.web' property to 'DEBUG'
2019-12-20 22:59:32.361 INFO  org.springframework.data.repository.config.RepositoryConfigurationDelegate Line:244 - Multiple Spring Data modules found, entering strict repository configuration mode!
2019-12-20 22:59:32.363 INFO  org.springframework.data.repository.config.RepositoryConfigurationDelegate Line:126 - Bootstrapping Spring Data repositories in DEFAULT mode.
2019-12-20 22:59:32.383 INFO  org.springframework.data.repository.config.RepositoryConfigurationDelegate Line:182 - Finished Spring Data repository scanning in 7ms. Found 0 repository interfaces.
2019-12-20 22:59:32.695 INFO  org.springframework.context.support.PostProcessorRegistrationDelegate$BeanPostProcessorChecker Line:330 - Bean 'org.springframework.ws.config.annotation.DelegatingWsConfiguration' of type [org.springframework.ws.config.annotation.DelegatingWsConfiguration$$EnhancerBySpringCGLIB$$4b2602b1] is not eligible for getting processed by all BeanPostProcessors (for example: not eligible for auto-proxying)
2019-12-20 22:59:32.723 INFO  org.springframework.ws.soap.addressing.server.AnnotationActionEndpointMapping Line:236 - Supporting [WS-Addressing August 2004, WS-Addressing 1.0]
2019-12-20 22:59:32.737 INFO  org.springframework.context.support.PostProcessorRegistrationDelegate$BeanPostProcessorChecker Line:330 - Bean 'org.springframework.transaction.annotation.ProxyTransactionManagementConfiguration' of type [org.springframework.transaction.annotation.ProxyTransactionManagementConfiguration$$EnhancerBySpringCGLIB$$a68e3db2] is not eligible for getting processed by all BeanPostProcessors (for example: not eligible for auto-proxying)
2019-12-20 22:59:32.999 INFO  org.springframework.boot.web.embedded.tomcat.TomcatWebServer Line:90  - Tomcat initialized with port(s): 9999 (http)
2019-12-20 22:59:33.016 INFO  org.apache.catalina.core.StandardService Line:173 - Starting service [Tomcat]
2019-12-20 22:59:33.027 INFO  org.apache.catalina.core.StandardEngine Line:173 - Starting Servlet engine: [Apache Tomcat/9.0.21]
2019-12-20 22:59:33.033 INFO  org.apache.catalina.core.AprLifecycleListener Line:173 - Loaded APR based Apache Tomcat Native library [1.2.21] using APR version [1.6.5].
2019-12-20 22:59:33.034 INFO  org.apache.catalina.core.AprLifecycleListener Line:173 - APR capabilities: IPv6 [true], sendfile [true], accept filters [false], random [true].
2019-12-20 22:59:33.034 INFO  org.apache.catalina.core.AprLifecycleListener Line:173 - APR/OpenSSL configuration: useAprConnector [false], useOpenSSL [true]
2019-12-20 22:59:33.037 INFO  org.apache.catalina.core.AprLifecycleListener Line:173 - OpenSSL successfully initialized [OpenSSL 1.1.1a  20 Nov 2018]
2019-12-20 22:59:33.121 INFO  org.apache.catalina.core.ContainerBase.[Tomcat].[localhost].[/] Line:173 - Initializing Spring embedded WebApplicationContext
2019-12-20 22:59:33.121 INFO  org.springframework.web.context.ContextLoader Line:283 - Root WebApplicationContext: initialization completed in 1343 ms
2019-12-20 22:59:34.314 INFO  org.springframework.scheduling.concurrent.ThreadPoolTaskExecutor Line:171 - Initializing ExecutorService 'applicationTaskExecutor'
2019-12-20 22:59:34.426 INFO  org.springframework.boot.autoconfigure.web.servlet.WelcomePageHandlerMapping Line:58  - Adding welcome page template: index
2019-12-20 22:59:34.651 INFO  org.springframework.boot.devtools.autoconfigure.OptionalLiveReloadServer Line:57  - LiveReload server is running on port 35729
2019-12-20 22:59:34.699 INFO  org.springframework.boot.web.embedded.tomcat.TomcatWebServer Line:202 - Tomcat started on port(s): 9999 (http) with context path ''
2019-12-20 22:59:34.702 INFO  kid1999.upload.UploadApplication Line:59  - Started UploadApplication in 3.615 seconds (JVM running for 4.411)
2019-12-20 22:59:52.814 INFO  org.apache.catalina.core.ContainerBase.[Tomcat].[localhost].[/] Line:173 - Initializing Spring DispatcherServlet 'dispatcherServlet'
2019-12-20 22:59:52.815 INFO  org.springframework.web.servlet.DispatcherServlet Line:524 - Initializing Servlet 'dispatcherServlet'
2019-12-20 22:59:52.821 INFO  org.springframework.web.servlet.DispatcherServlet Line:546 - Completed initialization in 5 ms
2019-12-20 22:59:52.914 INFO  io.lettuce.core.EpollProvider Line:68  - Starting without optional epoll library
2019-12-20 22:59:52.916 INFO  io.lettuce.core.KqueueProvider Line:70  - Starting without optional kqueue library
2019-12-20 23:00:11.975 INFO  com.zaxxer.hikari.HikariDataSource Line:110 - MyHikariCP - Starting...
2019-12-20 23:00:12.094 INFO  com.zaxxer.hikari.HikariDataSource Line:123 - MyHikariCP - Start completed.
2019-12-20 23:00:12.118 INFO  kid1999.upload.service.homeworkService Line:53  - [HomeWork(id=59, title=语文作业, infomation=抄写三国志 20遍。, createtime=2019-12-20, endtime=2019-12-21, type=1), HomeWork(id=60, title=数学作业, infomation=test, createtime=2019-12-20, endtime=2019-12-20, type=2), HomeWork(id=61, title=TestFastDFS, infomation=info mation, createtime=2019-12-20, endtime=2019-12-22, type=1)]
2019-12-20 23:00:12.125 INFO  kid1999.upload.service.homeworkService Line:61  - [Projects(homeWork=HomeWork(id=60, title=数学作业, infomation=test, createtime=2019-12-20, endtime=2019-12-20, type=2), count=3)]
2019-12-20 23:00:12.125 INFO  kid1999.upload.service.homeworkService Line:62  - [Projects(homeWork=HomeWork(id=59, title=语文作业, infomation=抄写三国志 20遍。, createtime=2019-12-20, endtime=2019-12-21, type=1), count=0), Projects(homeWork=HomeWork(id=61, title=TestFastDFS, infomation=info mation, createtime=2019-12-20, endtime=2019-12-22, type=1), count=1)]
